<?xml version="1.0" encoding="UTF-8" ?>
<testsuite failures="0" time="0.75" errors="0" skipped="0" tests="2" name="gov.usgs.cida.gdp.communication.EmailHandlerTest">
  <properties>
    <property name="java.runtime.name" value="Java(TM) SE Runtime Environment"/>
    <property name="sun.boot.library.path" value="/usr/lib/jvm/java-6-sun-1.6.0.20/jre/lib/amd64"/>
    <property name="java.vm.version" value="16.3-b01"/>
    <property name="java.vm.vendor" value="Sun Microsystems Inc."/>
    <property name="java.vendor.url" value="http://java.sun.com/"/>
    <property name="path.separator" value=":"/>
    <property name="java.vm.name" value="Java HotSpot(TM) 64-Bit Server VM"/>
    <property name="file.encoding.pkg" value="sun.io"/>
    <property name="user.country" value="US"/>
    <property name="sun.java.launcher" value="SUN_STANDARD"/>
    <property name="sun.os.patch.level" value="unknown"/>
    <property name="java.vm.specification.name" value="Java Virtual Machine Specification"/>
    <property name="user.dir" value="/home/isuftin/workspace/gdp/gdp-communication"/>
    <property name="java.runtime.version" value="1.6.0_20-b02"/>
    <property name="java.awt.graphicsenv" value="sun.awt.X11GraphicsEnvironment"/>
    <property name="basedir" value="/home/isuftin/workspace/gdp/gdp-communication"/>
    <property name="java.endorsed.dirs" value="/usr/lib/jvm/java-6-sun-1.6.0.20/jre/lib/endorsed"/>
    <property name="os.arch" value="amd64"/>
    <property name="surefire.real.class.path" value="/tmp/surefirebooter1965135270011504980.jar"/>
    <property name="java.io.tmpdir" value="/tmp"/>
    <property name="line.separator" value="
"/>
    <property name="java.vm.specification.vendor" value="Sun Microsystems Inc."/>
    <property name="os.name" value="Linux"/>
    <property name="sun.jnu.encoding" value="UTF-8"/>
    <property name="java.library.path" value="/usr/lib/jvm/java-6-sun-1.6.0.20/jre/lib/amd64/server:/usr/lib/jvm/java-6-sun-1.6.0.20/jre/lib/amd64:/usr/lib/jvm/java-6-sun-1.6.0.20/jre/../lib/amd64:/usr/java/packages/lib/amd64:/usr/lib64:/lib64:/lib:/usr/lib"/>
    <property name="surefire.test.class.path" value="/home/isuftin/workspace/gdp/gdp-communication/target/test-classes:/home/isuftin/workspace/gdp/gdp-communication/target/classes:/home/isuftin/.m2/repository/javax/mail/mail/1.4.1/mail-1.4.1.jar:/home/isuftin/.m2/repository/javax/activation/activation/1.1/activation-1.1.jar:/home/isuftin/workspace/gdp/gdp-common-utilities/target/gdp-common-utilities-1.0-SNAPSHOT.jar:/home/isuftin/.m2/repository/com/sun/xml/fastinfoset/FastInfoset/1.2.7/FastInfoset-1.2.7.jar:/home/isuftin/.m2/repository/commons-io/commons-io/1.4/commons-io-1.4.jar:/home/isuftin/.m2/repository/commons-codec/commons-codec/1.4/commons-codec-1.4.jar:/home/isuftin/.m2/repository/commons-fileupload/commons-fileupload/1.2.1/commons-fileupload-1.2.1.jar:/home/isuftin/.m2/repository/org/geotools/gt-main/2.6.0/gt-main-2.6.0.jar:/home/isuftin/.m2/repository/org/geotools/gt-api/2.6.0/gt-api-2.6.0.jar:/home/isuftin/.m2/repository/com/vividsolutions/jts/1.10/jts-1.10.jar:/home/isuftin/.m2/repository/org/geotools/gt-referencing/2.6.0/gt-referencing-2.6.0.jar:/home/isuftin/.m2/repository/java3d/vecmath/1.3.2/vecmath-1.3.2.jar:/home/isuftin/.m2/repository/commons-pool/commons-pool/1.5.3/commons-pool-1.5.3.jar:/home/isuftin/.m2/repository/org/geotools/gt-metadata/2.6.0/gt-metadata-2.6.0.jar:/home/isuftin/.m2/repository/org/opengis/geoapi/2.3-M1/geoapi-2.3-M1.jar:/home/isuftin/.m2/repository/net/java/dev/jsr-275/jsr-275/1.0-beta-2/jsr-275-1.0-beta-2.jar:/home/isuftin/.m2/repository/org/opengis/geoapi-pending/2.3-M1/geoapi-pending-2.3-M1.jar:/home/isuftin/.m2/repository/jdom/jdom/1.0/jdom-1.0.jar:/home/isuftin/.m2/repository/commons-beanutils/commons-beanutils/1.7.0/commons-beanutils-1.7.0.jar:/home/isuftin/.m2/repository/commons-logging/commons-logging/1.0.3/commons-logging-1.0.3.jar:/home/isuftin/.m2/repository/org/geotools/gt-shapefile/2.6.0/gt-shapefile-2.6.0.jar:/home/isuftin/.m2/repository/edu/ucar/unidata/netcdf-all/4.1.20100220.0007/netcdf-all-4.1.20100220.0007.jar:/home/isuftin/.m2/repository/org/easymock/easymock/3.0/easymock-3.0.jar:/home/isuftin/.m2/repository/cglib/cglib-nodep/2.2/cglib-nodep-2.2.jar:/home/isuftin/.m2/repository/org/objenesis/objenesis/1.2/objenesis-1.2.jar:/home/isuftin/.m2/repository/junit/junit/4.8.1/junit-4.8.1.jar:/home/isuftin/.m2/repository/log4j/log4j/1.2.13/log4j-1.2.13.jar:/home/isuftin/.m2/repository/org/slf4j/slf4j-log4j12/1.4.2/slf4j-log4j12-1.4.2.jar:/home/isuftin/.m2/repository/org/slf4j/slf4j-api/1.4.2/slf4j-api-1.4.2.jar:/home/isuftin/.m2/repository/com/thoughtworks/xstream/xstream/1.3.1/xstream-1.3.1.jar:/home/isuftin/.m2/repository/xpp3/xpp3_min/1.1.4c/xpp3_min-1.1.4c.jar:"/>
    <property name="java.specification.name" value="Java Platform API Specification"/>
    <property name="java.class.version" value="50.0"/>
    <property name="mail.smtp.port" value="25"/>
    <property name="sun.management.compiler" value="HotSpot 64-Bit Server Compiler"/>
    <property name="os.version" value="2.6.32-25-generic"/>
    <property name="user.home" value="/home/isuftin"/>
    <property name="user.timezone" value="America/Chicago"/>
    <property name="java.awt.printerjob" value="sun.print.PSPrinterJob"/>
    <property name="java.specification.version" value="1.6"/>
    <property name="file.encoding" value="UTF-8"/>
    <property name="user.name" value="isuftin"/>
    <property name="java.class.path" value="/home/isuftin/workspace/gdp/gdp-communication/target/test-classes:/home/isuftin/workspace/gdp/gdp-communication/target/classes:/home/isuftin/.m2/repository/javax/mail/mail/1.4.1/mail-1.4.1.jar:/home/isuftin/.m2/repository/javax/activation/activation/1.1/activation-1.1.jar:/home/isuftin/workspace/gdp/gdp-common-utilities/target/gdp-common-utilities-1.0-SNAPSHOT.jar:/home/isuftin/.m2/repository/com/sun/xml/fastinfoset/FastInfoset/1.2.7/FastInfoset-1.2.7.jar:/home/isuftin/.m2/repository/commons-io/commons-io/1.4/commons-io-1.4.jar:/home/isuftin/.m2/repository/commons-codec/commons-codec/1.4/commons-codec-1.4.jar:/home/isuftin/.m2/repository/commons-fileupload/commons-fileupload/1.2.1/commons-fileupload-1.2.1.jar:/home/isuftin/.m2/repository/org/geotools/gt-main/2.6.0/gt-main-2.6.0.jar:/home/isuftin/.m2/repository/org/geotools/gt-api/2.6.0/gt-api-2.6.0.jar:/home/isuftin/.m2/repository/com/vividsolutions/jts/1.10/jts-1.10.jar:/home/isuftin/.m2/repository/org/geotools/gt-referencing/2.6.0/gt-referencing-2.6.0.jar:/home/isuftin/.m2/repository/java3d/vecmath/1.3.2/vecmath-1.3.2.jar:/home/isuftin/.m2/repository/commons-pool/commons-pool/1.5.3/commons-pool-1.5.3.jar:/home/isuftin/.m2/repository/org/geotools/gt-metadata/2.6.0/gt-metadata-2.6.0.jar:/home/isuftin/.m2/repository/org/opengis/geoapi/2.3-M1/geoapi-2.3-M1.jar:/home/isuftin/.m2/repository/net/java/dev/jsr-275/jsr-275/1.0-beta-2/jsr-275-1.0-beta-2.jar:/home/isuftin/.m2/repository/org/opengis/geoapi-pending/2.3-M1/geoapi-pending-2.3-M1.jar:/home/isuftin/.m2/repository/jdom/jdom/1.0/jdom-1.0.jar:/home/isuftin/.m2/repository/commons-beanutils/commons-beanutils/1.7.0/commons-beanutils-1.7.0.jar:/home/isuftin/.m2/repository/commons-logging/commons-logging/1.0.3/commons-logging-1.0.3.jar:/home/isuftin/.m2/repository/org/geotools/gt-shapefile/2.6.0/gt-shapefile-2.6.0.jar:/home/isuftin/.m2/repository/edu/ucar/unidata/netcdf-all/4.1.20100220.0007/netcdf-all-4.1.20100220.0007.jar:/home/isuftin/.m2/repository/org/easymock/easymock/3.0/easymock-3.0.jar:/home/isuftin/.m2/repository/cglib/cglib-nodep/2.2/cglib-nodep-2.2.jar:/home/isuftin/.m2/repository/org/objenesis/objenesis/1.2/objenesis-1.2.jar:/home/isuftin/.m2/repository/junit/junit/4.8.1/junit-4.8.1.jar:/home/isuftin/.m2/repository/log4j/log4j/1.2.13/log4j-1.2.13.jar:/home/isuftin/.m2/repository/org/slf4j/slf4j-log4j12/1.4.2/slf4j-log4j12-1.4.2.jar:/home/isuftin/.m2/repository/org/slf4j/slf4j-api/1.4.2/slf4j-api-1.4.2.jar:/home/isuftin/.m2/repository/com/thoughtworks/xstream/xstream/1.3.1/xstream-1.3.1.jar:/home/isuftin/.m2/repository/xpp3/xpp3_min/1.1.4c/xpp3_min-1.1.4c.jar:"/>
    <property name="java.vm.specification.version" value="1.0"/>
    <property name="sun.arch.data.model" value="64"/>
    <property name="java.home" value="/usr/lib/jvm/java-6-sun-1.6.0.20/jre"/>
    <property name="java.specification.vendor" value="Sun Microsystems Inc."/>
    <property name="user.language" value="en"/>
    <property name="java.vm.info" value="mixed mode"/>
    <property name="java.version" value="1.6.0_20"/>
    <property name="java.ext.dirs" value="/usr/lib/jvm/java-6-sun-1.6.0.20/jre/lib/ext:/usr/java/packages/lib/ext"/>
    <property name="sun.boot.class.path" value="/usr/lib/jvm/java-6-sun-1.6.0.20/jre/lib/resources.jar:/usr/lib/jvm/java-6-sun-1.6.0.20/jre/lib/rt.jar:/usr/lib/jvm/java-6-sun-1.6.0.20/jre/lib/sunrsasign.jar:/usr/lib/jvm/java-6-sun-1.6.0.20/jre/lib/jsse.jar:/usr/lib/jvm/java-6-sun-1.6.0.20/jre/lib/jce.jar:/usr/lib/jvm/java-6-sun-1.6.0.20/jre/lib/charsets.jar:/usr/lib/jvm/java-6-sun-1.6.0.20/jre/classes"/>
    <property name="java.vendor" value="Sun Microsystems Inc."/>
    <property name="localRepository" value="/home/isuftin/.m2/repository"/>
    <property name="file.separator" value="/"/>
    <property name="java.vendor.url.bug" value="http://java.sun.com/cgi-bin/bugreport.cgi"/>
    <property name="mail.smtp.host" value="gsvaresh01.er.usgs.gov"/>
    <property name="sun.cpu.endian" value="little"/>
    <property name="sun.io.unicode.encoding" value="UnicodeLittle"/>
    <property name="sun.desktop" value="gnome"/>
    <property name="sun.cpu.isalist" value=""/>
  </properties>
  <testcase time="0.492" classname="gov.usgs.cida.gdp.communication.EmailHandlerTest" name="testSendMessageWithBcc"/>
  <testcase time="0.237" classname="gov.usgs.cida.gdp.communication.EmailHandlerTest" name="testSendMessageWithCc"/>
</testsuite>